2026-06-11 23:53:38,450 - INFO - fabric_cicd.fabric_workspace - 
2026-06-11 23:53:38,454 - INFO - fabric_cicd.fabric_workspace - [32m[1m####################################################################################################[0m
2026-06-11 23:53:38,454 - INFO - fabric_cicd.fabric_workspace - [32m[1m########## Validating Parameter File ###############################################################[0m
2026-06-11 23:53:38,454 - INFO - fabric_cicd.fabric_workspace - [32m[1m####################################################################################################[0m
2026-06-11 23:53:38,460 - INFO - fabric_cicd.fabric_workspace - 
2026-06-11 23:53:38,460 - WARNING - fabric_cicd._parameter._parameter - Parameter file not found with path: C:\Users\PeterVanKerkhove\AppData\Local\Temp\kairos-fabric-retry-once-more\parameter.yml
2026-06-11 23:53:38,460 - WARNING - fabric_cicd._parameter._parameter - Validation terminated: not found
2026-06-11 23:53:40,035 - INFO - fabric_cicd.fabric_workspace - 
2026-06-11 23:53:40,035 - INFO - fabric_cicd.fabric_workspace - [32m[1m####################################################################################################[0m
2026-06-11 23:53:40,035 - INFO - fabric_cicd.fabric_workspace - [32m[1m########## Publishing Workspace Folders ############################################################[0m
2026-06-11 23:53:40,035 - INFO - fabric_cicd.fabric_workspace - [32m[1m####################################################################################################[0m
2026-06-11 23:53:40,035 - INFO - fabric_cicd.fabric_workspace - 
2026-06-11 23:53:40,035 - INFO - fabric_cicd.fabric_workspace - Publishing Workspace Folders
2026-06-11 23:53:40,035 - INFO - fabric_cicd.fabric_workspace - ->Published
2026-06-11 23:53:42,483 - INFO - fabric_cicd.publish - 
2026-06-11 23:53:42,483 - INFO - fabric_cicd.publish - [32m[1m####################################################################################################[0m
2026-06-11 23:53:42,483 - INFO - fabric_cicd.publish - [32m[1m########## Publishing Item 11/27: SemanticModel ####################################################[0m
2026-06-11 23:53:42,483 - INFO - fabric_cicd.publish - [32m[1m####################################################################################################[0m
2026-06-11 23:53:42,483 - INFO - fabric_cicd.publish - 
2026-06-11 23:53:42,506 - INFO - fabric_cicd.fabric_workspace - Publishing SemanticModel 'Consolidated'
2026-06-11 23:53:45,456 - ERROR - fabric_cicd._items._base_publisher - Failed to publish SemanticModel 'Consolidated': Operation failed. Error Code: Dataset_Import_FailedToImportDataset. Error Message: Dataset Workload failed to import the dataset with dataset id 00000000-0000-0000-0000-000000000000. Import from JSON supported for V3 models only
2026-06-11 23:53:45,458 - ERROR - fabric_cicd._items._base_publisher - Failed to publish 1 item(s): ['Consolidated']

Additional Info: 

--- Consolidated ---
Operation failed. Error Code: Dataset_Import_FailedToImportDataset. Error Message: Dataset Workload failed to import the dataset with dataset id 00000000-0000-0000-0000-000000000000. Import from JSON supported for V3 models only
Traceback (most recent call last):
  File "C:\Users\PETERV~1\AppData\Local\Temp\kairos-fabric-retry-once-more\publish_retry.py", line 11, in <module>
    publish_all_items(ws)
  File "C:\Users\PeterVanKerkhove\AppData\Local\Programs\Python\Python312\Lib\site-packages\fabric_cicd\publish.py", line 256, in publish_all_items
    publisher.publish_all()
  File "C:\Users\PeterVanKerkhove\AppData\Local\Programs\Python\Python312\Lib\site-packages\fabric_cicd\_items\_base_publisher.py", line 352, in publish_all
    raise PublishError(errors, logger)
fabric_cicd._common._exceptions.PublishError: Failed to publish 1 item(s): ['Consolidated']
